<?xml version="1.0" encoding="UTF-8"?>
<!-- Generated by org.testng.reporters.JUnitReportReporter -->
<testsuite hostname="LAPTOP-CFP1F3RI" failures="0" tests="8" name="Tests" time="80.251" errors="0" timestamp="2023-01-20T15:34:53 IST" skipped="0">
  <testcase classname="Tests" name="spaceXDemo" time="5.320"/>
  <system-out/>
  <testcase classname="Tests" name="facebookDemo" time="17.192"/>
  <system-out/>
  <testcase classname="Tests" name="linkedInDemo" time="9.660"/>
  <system-out/>
  <testcase classname="Tests" name="teslaDemo" time="8.345"/>
  <system-out/>
  <testcase classname="Tests" name="googleDemo" time="7.601"/>
  <system-out/>
  <testcase classname="Tests" name="twitterDemo" time="7.512"/>
  <system-out/>
  <testcase classname="Tests" name="instagramDemo" time="7.906"/>
  <system-out/>
  <testcase classname="Tests" name="youtubeDemo" time="16.715"/>
  <system-out/>
</testsuite> <!-- Tests -->
