<?xml version="1.0" encoding="UTF-8"?>
<!-- Generated by org.testng.reporters.JUnitReportReporter -->
<testsuite hostname="LAPTOP-CFP1F3RI" failures="0" tests="2" name="SeleniumMaven.SeleniumProfilePage" time="0.003" errors="0" timestamp="2022-06-06T13:17:04 IST" skipped="0">
  <testcase classname="SeleniumMaven.SeleniumProfilePage" name="profileHome" time="0.002"/>
  <system-out/>
  <testcase classname="SeleniumMaven.SeleniumProfilePage" name="profileSettings" time="0.001"/>
  <system-out/>
</testsuite> <!-- SeleniumMaven.SeleniumProfilePage -->
