<?xml version="1.0" encoding="UTF-8"?>
<!-- Generated by org.testng.reporters.JUnitReportReporter -->
<testsuite hostname="LAPTOP-CFP1F3RI" failures="0" tests="2" name="SeleniumMaven.AppiumTest" time="0.008" errors="0" timestamp="2022-05-27T17:27:46 IST" skipped="0">
  <testcase classname="SeleniumMaven.AppiumTest" name="IosUse" time="0.007"/>
  <system-out/>
  <testcase classname="SeleniumMaven.AppiumTest" name="androidUse" time="0.001"/>
  <system-out/>
</testsuite> <!-- SeleniumMaven.AppiumTest -->
