<?xml version="1.0" encoding="UTF-8"?>
<!-- Generated by org.testng.reporters.JUnitReportReporter -->
<testsuite hostname="LAPTOP-CFP1F3RI" failures="0" tests="2" name="SeleniumMaven.SeleniumWebLoginTest" time="0.017" errors="0" timestamp="2022-06-06T13:17:04 IST" skipped="0">
  <testcase classname="SeleniumMaven.SeleniumWebLoginTest" name="webLogout" time="0.001"/>
  <system-out/>
  <testcase classname="SeleniumMaven.SeleniumWebLoginTest" name="webLogin" time="0.016"/>
  <system-out/>
</testsuite> <!-- SeleniumMaven.SeleniumWebLoginTest -->
