<?xml version="1.0" encoding="UTF-8"?>
<!-- Generated by org.testng.reporters.JUnitReportReporter -->
<testsuite hostname="LAPTOP-CFP1F3RI" failures="0" tests="2" name="SeleniumMaven.RestAssuredTest" time="0.004" errors="0" timestamp="2022-05-27T17:27:46 IST" skipped="0">
  <testcase classname="SeleniumMaven.RestAssuredTest" name="trackJira" time="0.003"/>
  <system-out/>
  <testcase classname="SeleniumMaven.RestAssuredTest" name="deleteTwitter" time="0.001"/>
  <system-out/>
</testsuite> <!-- SeleniumMaven.RestAssuredTest -->
